2025-10-30 20:34:06 - ==================================================
2025-10-30 20:34:06 - Starting MEGADNA training
2025-10-30 20:34:06 - Output directory: megadna_trained_model
2025-10-30 20:34:06 - Epochs: 45, Batch size: 1, Learning rate: 0.0001
2025-10-30 20:34:06 - sequence size: 1000
2025-10-30 20:34:06 - Total trainable parameters: 36,513,286
2025-10-30 20:34:06 - 
--- Layer-wise Trainable Parameters ---
2025-10-30 20:34:57 - Epoch 1/45, Loss: 1.3411, Duration: 50.21 s
2025-10-30 20:34:57 - Checkpoint saved to megadna_trained_model/megadna_model_epoch_1.pt
2025-10-30 20:35:47 - Epoch 2/45, Loss: 1.3226, Duration: 50.04 s
2025-10-30 20:35:47 - Checkpoint saved to megadna_trained_model/megadna_model_epoch_2.pt
2025-10-30 20:36:36 - Epoch 3/45, Loss: 1.3146, Duration: 49.02 s
2025-10-30 20:36:37 - Checkpoint saved to megadna_trained_model/megadna_model_epoch_3.pt
2025-10-30 20:37:26 - Epoch 4/45, Loss: 1.3104, Duration: 49.46 s
2025-10-30 20:37:27 - Checkpoint saved to megadna_trained_model/megadna_model_epoch_4.pt
2025-10-30 20:38:17 - Epoch 5/45, Loss: 1.3051, Duration: 50.62 s
2025-10-30 20:38:18 - Checkpoint saved to megadna_trained_model/megadna_model_epoch_5.pt
2025-10-30 20:39:08 - Epoch 6/45, Loss: 1.3006, Duration: 50.30 s
2025-10-30 20:39:08 - Checkpoint saved to megadna_trained_model/megadna_model_epoch_6.pt
2025-10-30 20:39:58 - Epoch 7/45, Loss: 1.2936, Duration: 49.24 s
2025-10-30 20:39:58 - Checkpoint saved to megadna_trained_model/megadna_model_epoch_7.pt
2025-10-30 20:40:47 - Epoch 8/45, Loss: 1.2841, Duration: 49.39 s
2025-10-30 20:40:48 - Checkpoint saved to megadna_trained_model/megadna_model_epoch_8.pt
2025-10-30 20:41:37 - Epoch 9/45, Loss: 1.2666, Duration: 49.36 s
2025-10-30 20:41:37 - Checkpoint saved to megadna_trained_model/megadna_model_epoch_9.pt
2025-10-30 20:42:27 - Epoch 10/45, Loss: 1.2381, Duration: 49.44 s
2025-10-30 20:42:27 - Checkpoint saved to megadna_trained_model/megadna_model_epoch_10.pt
2025-10-30 20:43:16 - Epoch 11/45, Loss: 1.1913, Duration: 48.92 s
2025-10-30 20:43:16 - Checkpoint saved to megadna_trained_model/megadna_model_epoch_11.pt
2025-10-30 20:44:06 - Epoch 12/45, Loss: 1.1249, Duration: 49.78 s
2025-10-30 20:44:07 - Checkpoint saved to megadna_trained_model/megadna_model_epoch_12.pt
2025-10-30 20:44:56 - Epoch 13/45, Loss: 1.0408, Duration: 49.10 s
2025-10-30 20:44:56 - Checkpoint saved to megadna_trained_model/megadna_model_epoch_13.pt
2025-10-30 20:45:45 - Epoch 14/45, Loss: 0.9460, Duration: 48.92 s
2025-10-30 20:45:45 - Checkpoint saved to megadna_trained_model/megadna_model_epoch_14.pt
2025-10-30 20:46:35 - Epoch 15/45, Loss: 0.8484, Duration: 49.46 s
2025-10-30 20:46:35 - Checkpoint saved to megadna_trained_model/megadna_model_epoch_15.pt
2025-10-30 20:47:25 - Epoch 16/45, Loss: 0.7546, Duration: 49.83 s
2025-10-30 20:47:25 - Checkpoint saved to megadna_trained_model/megadna_model_epoch_16.pt
2025-10-30 20:48:15 - Epoch 17/45, Loss: 0.6666, Duration: 49.14 s
2025-10-30 20:48:15 - Checkpoint saved to megadna_trained_model/megadna_model_epoch_17.pt
2025-10-30 20:49:05 - Epoch 18/45, Loss: 0.5882, Duration: 49.79 s
2025-10-30 20:49:05 - Checkpoint saved to megadna_trained_model/megadna_model_epoch_18.pt
2025-10-30 20:49:55 - Epoch 19/45, Loss: 0.5185, Duration: 49.89 s
2025-10-30 20:49:55 - Checkpoint saved to megadna_trained_model/megadna_model_epoch_19.pt
2025-10-30 20:50:45 - Epoch 20/45, Loss: 0.4577, Duration: 49.33 s
2025-10-30 20:50:45 - Checkpoint saved to megadna_trained_model/megadna_model_epoch_20.pt
2025-10-30 20:51:35 - Epoch 21/45, Loss: 0.4049, Duration: 49.51 s
2025-10-30 20:51:35 - Checkpoint saved to megadna_trained_model/megadna_model_epoch_21.pt
2025-10-30 20:52:24 - Epoch 22/45, Loss: 0.3592, Duration: 49.42 s
2025-10-30 20:52:25 - Checkpoint saved to megadna_trained_model/megadna_model_epoch_22.pt
2025-10-30 20:53:14 - Epoch 23/45, Loss: 0.3210, Duration: 49.31 s
2025-10-30 20:53:14 - Checkpoint saved to megadna_trained_model/megadna_model_epoch_23.pt
2025-10-30 20:54:04 - Epoch 24/45, Loss: 0.2884, Duration: 49.16 s
2025-10-30 20:54:04 - Checkpoint saved to megadna_trained_model/megadna_model_epoch_24.pt
2025-10-30 20:54:54 - Epoch 25/45, Loss: 0.2602, Duration: 49.84 s
2025-10-30 20:54:54 - Checkpoint saved to megadna_trained_model/megadna_model_epoch_25.pt
2025-10-30 20:55:44 - Epoch 26/45, Loss: 0.2367, Duration: 49.49 s
2025-10-30 20:55:44 - Checkpoint saved to megadna_trained_model/megadna_model_epoch_26.pt
2025-10-30 20:56:33 - Epoch 27/45, Loss: 0.2160, Duration: 49.48 s
2025-10-30 20:56:34 - Checkpoint saved to megadna_trained_model/megadna_model_epoch_27.pt
2025-10-30 20:57:24 - Epoch 28/45, Loss: 0.1995, Duration: 50.03 s
2025-10-30 20:57:24 - Checkpoint saved to megadna_trained_model/megadna_model_epoch_28.pt
2025-10-30 20:58:14 - Epoch 29/45, Loss: 0.1829, Duration: 49.55 s
2025-10-30 20:58:14 - Checkpoint saved to megadna_trained_model/megadna_model_epoch_29.pt
2025-10-30 20:59:03 - Epoch 30/45, Loss: 0.1698, Duration: 49.16 s
2025-10-30 20:59:04 - Checkpoint saved to megadna_trained_model/megadna_model_epoch_30.pt
2025-10-30 20:59:53 - Epoch 31/45, Loss: 0.1605, Duration: 49.59 s
2025-10-30 20:59:54 - Checkpoint saved to megadna_trained_model/megadna_model_epoch_31.pt
2025-10-30 21:00:44 - Epoch 32/45, Loss: 0.1497, Duration: 49.96 s
2025-10-30 21:00:44 - Checkpoint saved to megadna_trained_model/megadna_model_epoch_32.pt
2025-10-30 21:01:34 - Epoch 33/45, Loss: 0.1406, Duration: 49.63 s
2025-10-30 21:01:34 - Checkpoint saved to megadna_trained_model/megadna_model_epoch_33.pt
2025-10-30 21:02:24 - Epoch 34/45, Loss: 0.1338, Duration: 49.63 s
2025-10-30 21:02:24 - Checkpoint saved to megadna_trained_model/megadna_model_epoch_34.pt
2025-10-30 21:03:15 - Epoch 35/45, Loss: 0.1275, Duration: 50.80 s
2025-10-30 21:03:15 - Checkpoint saved to megadna_trained_model/megadna_model_epoch_35.pt
2025-10-30 21:04:06 - Epoch 36/45, Loss: 0.1196, Duration: 50.98 s
2025-10-30 21:04:07 - Checkpoint saved to megadna_trained_model/megadna_model_epoch_36.pt
2025-10-30 21:04:56 - Epoch 37/45, Loss: 0.1141, Duration: 49.71 s
2025-10-30 21:04:57 - Checkpoint saved to megadna_trained_model/megadna_model_epoch_37.pt
2025-10-30 21:05:47 - Epoch 38/45, Loss: 0.1091, Duration: 50.04 s
2025-10-30 21:05:47 - Checkpoint saved to megadna_trained_model/megadna_model_epoch_38.pt
2025-10-30 21:06:40 - Epoch 39/45, Loss: 0.1055, Duration: 52.63 s
2025-10-30 21:06:40 - Checkpoint saved to megadna_trained_model/megadna_model_epoch_39.pt
2025-10-30 21:07:30 - Epoch 40/45, Loss: 0.1017, Duration: 49.46 s
2025-10-30 21:07:30 - Checkpoint saved to megadna_trained_model/megadna_model_epoch_40.pt
2025-10-30 21:08:21 - Epoch 41/45, Loss: 0.0973, Duration: 50.59 s
2025-10-30 21:08:21 - Checkpoint saved to megadna_trained_model/megadna_model_epoch_41.pt
2025-10-30 21:09:13 - Epoch 42/45, Loss: 0.0942, Duration: 52.23 s
2025-10-30 21:09:14 - Checkpoint saved to megadna_trained_model/megadna_model_epoch_42.pt
2025-10-30 21:10:04 - Epoch 43/45, Loss: 0.0908, Duration: 50.62 s
2025-10-30 21:10:04 - Checkpoint saved to megadna_trained_model/megadna_model_epoch_43.pt
2025-10-30 21:10:55 - Epoch 44/45, Loss: 0.0881, Duration: 50.35 s
2025-10-30 21:10:55 - Checkpoint saved to megadna_trained_model/megadna_model_epoch_44.pt
2025-10-30 21:11:46 - Epoch 45/45, Loss: 0.0852, Duration: 50.17 s
2025-10-30 21:11:46 - Checkpoint saved to megadna_trained_model/megadna_model_epoch_45.pt
2025-10-30 21:11:46 - Training Completed
2025-10-30 21:11:46 - ==================================================
